<?xml version="1.0" encoding="UTF-8"?>
<testng-results ignored="0" total="2" passed="2" failed="0" skipped="0">
  <reporter-output>
  </reporter-output>
  <suite started-at="2022-07-10T15:50:11 EEST" name="Gradle suite" finished-at="2022-07-10T15:51:17 EEST" duration-ms="66778">
    <groups>
    </groups>
    <test started-at="2022-07-10T15:50:11 EEST" name="Gradle test" finished-at="2022-07-10T15:51:17 EEST" duration-ms="66778">
      <class name="PageObjectTests.BasketTest">
        <test-method signature="notAtomicityMethod(java.lang.String,java.lang.String,java.lang.String)[pri:0, instance:PageObjectTests.BasketTest@6f44a157]" started-at="2022-07-10T15:50:11 EEST" name="notAtomicityMethod" data-provider="data-provider" finished-at="2022-07-10T15:51:17 EEST" duration-ms="66372" status="PASS">
          <params>
            <param index="0">
              <value>
                <![CDATA[Laptop]]>
              </value>
            </param>
            <param index="1">
              <value is-null="true"/>
            </param>
            <param index="2">
              <value>
                <![CDATA[1000000]]>
              </value>
            </param>
          </params>
          <reporter-output>
          </reporter-output>
        </test-method> <!-- notAtomicityMethod -->
        <test-method signature="notAtomicityMethod(java.lang.String,java.lang.String,java.lang.String)[pri:0, instance:PageObjectTests.BasketTest@6f44a157]" started-at="2022-07-10T15:50:11 EEST" name="notAtomicityMethod" data-provider="data-provider" finished-at="2022-07-10T15:50:57 EEST" duration-ms="45827" status="PASS">
          <params>
            <param index="0">
              <value>
                <![CDATA[Laptop]]>
              </value>
            </param>
            <param index="1">
              <value is-null="true"/>
            </param>
            <param index="2">
              <value>
                <![CDATA[1000000]]>
              </value>
            </param>
          </params>
          <reporter-output>
          </reporter-output>
        </test-method> <!-- notAtomicityMethod -->
        <test-method is-config="true" signature="clean()[pri:0, instance:PageObjectTests.BasketTest@6f44a157]" started-at="2022-07-10T15:50:57 EEST" name="clean" finished-at="2022-07-10T15:50:57 EEST" duration-ms="189" status="PASS">
          <reporter-output>
          </reporter-output>
        </test-method> <!-- clean -->
        <test-method is-config="true" signature="clean()[pri:0, instance:PageObjectTests.BasketTest@6f44a157]" started-at="2022-07-10T15:51:17 EEST" name="clean" finished-at="2022-07-10T15:51:17 EEST" duration-ms="179" status="PASS">
          <reporter-output>
          </reporter-output>
        </test-method> <!-- clean -->
        <test-method is-config="true" signature="terminate()[pri:0, instance:PageObjectTests.BasketTest@6f44a157]" started-at="2022-07-10T15:51:17 EEST" name="terminate" finished-at="2022-07-10T15:51:17 EEST" duration-ms="0" status="PASS">
          <reporter-output>
          </reporter-output>
        </test-method> <!-- terminate -->
      </class> <!-- PageObjectTests.BasketTest -->
    </test> <!-- Gradle test -->
  </suite> <!-- Gradle suite -->
</testng-results>
